<?xml version="1.0" encoding="UTF-8"?>
<!-- Generated by org.testng.reporters.JUnitXMLReporter -->
<testsuite hostname="D20LZQ72" ignored="2" name="Travel Booking Service" tests="1" failures="1" timestamp="23 Jul 2018 10:39:19 GMT" time="2.052" errors="0">
  <testcase name="testThatResultsAppearForAOneWayJourney" time="2.027" classname="automationFramework.FlightBookingTest">
    <failure type="java.lang.NullPointerException">
      <![CDATA[java.lang.NullPointerException
	at pageObjects.FlightBookingPO.lnk_OneWayRadio(FlightBookingPO.java:25)
	at automationFramework.FlightBookingTest.testThatResultsAppearForAOneWayJourney(FlightBookingTest.java:22)
... Removed 25 stack frames]]>
    </failure>
  </testcase> <!-- testThatResultsAppearForAOneWayJourney -->
  <testcase name="shouldThrowAnErrorIfSignInDetailsAreMissing" time="0.0" classname="automationFramework.SignInTest">
    <ignored/>
  </testcase> <!-- shouldThrowAnErrorIfSignInDetailsAreMissing -->
  <testcase name="shouldBeAbleToSearchForHotels" time="0.0" classname="automationFramework.HotelBookingTest">
    <ignored/>
  </testcase> <!-- shouldBeAbleToSearchForHotels -->
</testsuite> <!-- Travel Booking Service -->
