<?xml version="1.0" encoding="UTF-8"?>
<!-- Generated by org.testng.reporters.JUnitXMLReporter -->
<testsuite hostname="D20LZQ72" ignored="0" name="Travel Booking Service" tests="3" failures="0" timestamp="24 Jul 2018 12:22:47 GMT" time="64.081" errors="0">
  <testcase name="testThatResultsAppearForAOneWayJourney" time="15.565" classname="travelSearchTests.FlightBookingTest"/>
  <testcase name="shouldBeAbleToSearchForHotels" time="17.572" classname="travelSearchTests.HotelBookingTest"/>
  <testcase name="shouldThrowAnErrorIfSignInDetailsAreMissing" time="7.537" classname="travelSearchTests.SignInTest"/>
</testsuite> <!-- Travel Booking Service -->
