<?xml version="1.0" encoding="UTF-8"?>
<!-- Generated by org.testng.reporters.JUnitXMLReporter -->
<testsuite hostname="D20LZQ72" ignored="0" name="Travel Booking Service" tests="3" failures="0" timestamp="23 Jul 2018 15:38:30 GMT" time="59.45" errors="0">
  <testcase name="testThatResultsAppearForAOneWayJourney" time="15.715" classname="travelSearchTests.FlightBookingTest"/>
  <testcase name="shouldBeAbleToSearchForHotels" time="15.264" classname="travelSearchTests.HotelBookingTest"/>
  <testcase name="shouldThrowAnErrorIfSignInDetailsAreMissing" time="6.618" classname="travelSearchTests.SignInTest"/>
</testsuite> <!-- Travel Booking Service -->
